Determining if the pthread_create exist failed with the following output:
Change Dir: /home/pamis/mybot_ws-master/build/CMakeFiles/CMakeTmp

Run Build Command:/usr/bin/make "cmTryCompileExec2591622058/fast"
/usr/bin/make -f CMakeFiles/cmTryCompileExec2591622058.dir/build.make CMakeFiles/cmTryCompileExec2591622058.dir/build
make[1]: se ingresa al directorio «/home/pamis/mybot_ws-master/build/CMakeFiles/CMakeTmp»
/usr/bin/cmake -E cmake_progress_report /home/pamis/mybot_ws-master/build/CMakeFiles/CMakeTmp/CMakeFiles 1
Building C object CMakeFiles/cmTryCompileExec2591622058.dir/CheckSymbolExists.c.o
/usr/bin/cc    -o CMakeFiles/cmTryCompileExec2591622058.dir/CheckSymbolExists.c.o   -c /home/pamis/mybot_ws-master/build/CMakeFiles/CMakeTmp/CheckSymbolExists.c
Linking C executable cmTryCompileExec2591622058
/usr/bin/cmake -E cmake_link_script CMakeFiles/cmTryCompileExec2591622058.dir/link.txt --verbose=1
/usr/bin/cc       CMakeFiles/cmTryCompileExec2591622058.dir/CheckSymbolExists.c.o  -o cmTryCompileExec2591622058 -rdynamic 
CMakeFiles/cmTryCompileExec2591622058.dir/CheckSymbolExists.c.o: En la función `main':
CheckSymbolExists.c:(.text+0x16): referencia a `pthread_create' sin definir
collect2: error: ld returned 1 exit status
make[1]: se sale del directorio «/home/pamis/mybot_ws-master/build/CMakeFiles/CMakeTmp»
make[1]: *** [cmTryCompileExec2591622058] Error 1
make: *** [cmTryCompileExec2591622058/fast] Error 2

File /home/pamis/mybot_ws-master/build/CMakeFiles/CMakeTmp/CheckSymbolExists.c:
/* */
#include <pthread.h>

int main(int argc, char** argv)
{
  (void)argv;
#ifndef pthread_create
  return ((int*)(&pthread_create))[argc];
#else
  (void)argc;
  return 0;
#endif
}

Determining if the function pthread_create exists in the pthreads failed with the following output:
Change Dir: /home/pamis/mybot_ws-master/build/CMakeFiles/CMakeTmp

Run Build Command:/usr/bin/make "cmTryCompileExec3382827242/fast"
/usr/bin/make -f CMakeFiles/cmTryCompileExec3382827242.dir/build.make CMakeFiles/cmTryCompileExec3382827242.dir/build
make[1]: se ingresa al directorio «/home/pamis/mybot_ws-master/build/CMakeFiles/CMakeTmp»
/usr/bin/cmake -E cmake_progress_report /home/pamis/mybot_ws-master/build/CMakeFiles/CMakeTmp/CMakeFiles 1
Building C object CMakeFiles/cmTryCompileExec3382827242.dir/CheckFunctionExists.c.o
/usr/bin/cc   -DCHECK_FUNCTION_EXISTS=pthread_create   -o CMakeFiles/cmTryCompileExec3382827242.dir/CheckFunctionExists.c.o   -c /usr/share/cmake-2.8/Modules/CheckFunctionExists.c
Linking C executable cmTryCompileExec3382827242
/usr/bin/cmake -E cmake_link_script CMakeFiles/cmTryCompileExec3382827242.dir/link.txt --verbose=1
/usr/bin/cc   -DCHECK_FUNCTION_EXISTS=pthread_create    CMakeFiles/cmTryCompileExec3382827242.dir/CheckFunctionExists.c.o  -o cmTryCompileExec3382827242 -rdynamic -lpthreads 
/usr/bin/ld: no se puede encontrar -lpthreads
collect2: error: ld returned 1 exit status
make[1]: *** [cmTryCompileExec3382827242] Error 1
make[1]: se sale del directorio «/home/pamis/mybot_ws-master/build/CMakeFiles/CMakeTmp»
make: *** [cmTryCompileExec3382827242/fast] Error 2


